[2024-06-29T00:00:03.348+0000] {processor.py:161} INFO - Started process (PID=459) to work on /opt/airflow/dags/to_gcs.py
[2024-06-29T00:00:03.349+0000] {processor.py:830} INFO - Processing file /opt/airflow/dags/to_gcs.py for tasks to queue
[2024-06-29T00:00:03.350+0000] {logging_mixin.py:188} INFO - [2024-06-29T00:00:03.349+0000] {dagbag.py:545} INFO - Filling up the DagBag from /opt/airflow/dags/to_gcs.py
[2024-06-29T00:00:03.530+0000] {processor.py:840} INFO - DAG(s) 'data_transfer_to_gcs' retrieved from /opt/airflow/dags/to_gcs.py
[2024-06-29T00:00:03.598+0000] {logging_mixin.py:188} INFO - [2024-06-29T00:00:03.597+0000] {dag.py:3096} INFO - Sync 1 DAGs
[2024-06-29T00:00:03.610+0000] {logging_mixin.py:188} INFO - [2024-06-29T00:00:03.610+0000] {dag.py:3954} INFO - Setting next_dagrun for data_transfer_to_gcs to None, run_after=None
[2024-06-29T00:00:03.630+0000] {processor.py:183} INFO - Processing /opt/airflow/dags/to_gcs.py took 0.288 seconds
[2024-06-29T00:00:33.862+0000] {processor.py:161} INFO - Started process (PID=471) to work on /opt/airflow/dags/to_gcs.py
[2024-06-29T00:00:33.864+0000] {processor.py:830} INFO - Processing file /opt/airflow/dags/to_gcs.py for tasks to queue
[2024-06-29T00:00:33.865+0000] {logging_mixin.py:188} INFO - [2024-06-29T00:00:33.865+0000] {dagbag.py:545} INFO - Filling up the DagBag from /opt/airflow/dags/to_gcs.py
[2024-06-29T00:00:34.032+0000] {processor.py:840} INFO - DAG(s) 'data_transfer_to_gcs' retrieved from /opt/airflow/dags/to_gcs.py
[2024-06-29T00:00:34.049+0000] {logging_mixin.py:188} INFO - [2024-06-29T00:00:34.048+0000] {dag.py:3096} INFO - Sync 1 DAGs
[2024-06-29T00:00:34.064+0000] {logging_mixin.py:188} INFO - [2024-06-29T00:00:34.063+0000] {dag.py:3954} INFO - Setting next_dagrun for data_transfer_to_gcs to None, run_after=None
[2024-06-29T00:00:34.076+0000] {processor.py:183} INFO - Processing /opt/airflow/dags/to_gcs.py took 0.220 seconds
[2024-06-29T00:01:04.330+0000] {processor.py:161} INFO - Started process (PID=483) to work on /opt/airflow/dags/to_gcs.py
[2024-06-29T00:01:04.332+0000] {processor.py:830} INFO - Processing file /opt/airflow/dags/to_gcs.py for tasks to queue
[2024-06-29T00:01:04.333+0000] {logging_mixin.py:188} INFO - [2024-06-29T00:01:04.333+0000] {dagbag.py:545} INFO - Filling up the DagBag from /opt/airflow/dags/to_gcs.py
[2024-06-29T00:01:04.500+0000] {processor.py:840} INFO - DAG(s) 'data_transfer_to_gcs' retrieved from /opt/airflow/dags/to_gcs.py
[2024-06-29T00:01:04.516+0000] {logging_mixin.py:188} INFO - [2024-06-29T00:01:04.515+0000] {dag.py:3096} INFO - Sync 1 DAGs
[2024-06-29T00:01:04.530+0000] {logging_mixin.py:188} INFO - [2024-06-29T00:01:04.530+0000] {dag.py:3954} INFO - Setting next_dagrun for data_transfer_to_gcs to None, run_after=None
[2024-06-29T00:01:04.543+0000] {processor.py:183} INFO - Processing /opt/airflow/dags/to_gcs.py took 0.219 seconds
[2024-06-29T00:01:34.817+0000] {processor.py:161} INFO - Started process (PID=495) to work on /opt/airflow/dags/to_gcs.py
[2024-06-29T00:01:34.820+0000] {processor.py:830} INFO - Processing file /opt/airflow/dags/to_gcs.py for tasks to queue
[2024-06-29T00:01:34.821+0000] {logging_mixin.py:188} INFO - [2024-06-29T00:01:34.821+0000] {dagbag.py:545} INFO - Filling up the DagBag from /opt/airflow/dags/to_gcs.py
[2024-06-29T00:01:34.996+0000] {processor.py:840} INFO - DAG(s) 'data_transfer_to_gcs' retrieved from /opt/airflow/dags/to_gcs.py
[2024-06-29T00:01:35.016+0000] {logging_mixin.py:188} INFO - [2024-06-29T00:01:35.016+0000] {dag.py:3096} INFO - Sync 1 DAGs
[2024-06-29T00:01:35.039+0000] {logging_mixin.py:188} INFO - [2024-06-29T00:01:35.038+0000] {dag.py:3954} INFO - Setting next_dagrun for data_transfer_to_gcs to None, run_after=None
[2024-06-29T00:01:35.051+0000] {processor.py:183} INFO - Processing /opt/airflow/dags/to_gcs.py took 0.240 seconds
[2024-06-29T00:02:05.291+0000] {processor.py:161} INFO - Started process (PID=507) to work on /opt/airflow/dags/to_gcs.py
[2024-06-29T00:02:05.292+0000] {processor.py:830} INFO - Processing file /opt/airflow/dags/to_gcs.py for tasks to queue
[2024-06-29T00:02:05.292+0000] {logging_mixin.py:188} INFO - [2024-06-29T00:02:05.292+0000] {dagbag.py:545} INFO - Filling up the DagBag from /opt/airflow/dags/to_gcs.py
[2024-06-29T00:02:05.481+0000] {processor.py:840} INFO - DAG(s) 'data_transfer_to_gcs' retrieved from /opt/airflow/dags/to_gcs.py
[2024-06-29T00:02:05.504+0000] {logging_mixin.py:188} INFO - [2024-06-29T00:02:05.504+0000] {dag.py:3096} INFO - Sync 1 DAGs
[2024-06-29T00:02:05.526+0000] {logging_mixin.py:188} INFO - [2024-06-29T00:02:05.525+0000] {dag.py:3954} INFO - Setting next_dagrun for data_transfer_to_gcs to None, run_after=None
[2024-06-29T00:02:05.540+0000] {processor.py:183} INFO - Processing /opt/airflow/dags/to_gcs.py took 0.254 seconds
[2024-06-29T00:02:35.765+0000] {processor.py:161} INFO - Started process (PID=519) to work on /opt/airflow/dags/to_gcs.py
[2024-06-29T00:02:35.767+0000] {processor.py:830} INFO - Processing file /opt/airflow/dags/to_gcs.py for tasks to queue
[2024-06-29T00:02:35.768+0000] {logging_mixin.py:188} INFO - [2024-06-29T00:02:35.768+0000] {dagbag.py:545} INFO - Filling up the DagBag from /opt/airflow/dags/to_gcs.py
[2024-06-29T00:02:35.933+0000] {processor.py:840} INFO - DAG(s) 'data_transfer_to_gcs' retrieved from /opt/airflow/dags/to_gcs.py
[2024-06-29T00:02:35.950+0000] {logging_mixin.py:188} INFO - [2024-06-29T00:02:35.949+0000] {dag.py:3096} INFO - Sync 1 DAGs
[2024-06-29T00:02:35.967+0000] {logging_mixin.py:188} INFO - [2024-06-29T00:02:35.967+0000] {dag.py:3954} INFO - Setting next_dagrun for data_transfer_to_gcs to None, run_after=None
[2024-06-29T00:02:35.978+0000] {processor.py:183} INFO - Processing /opt/airflow/dags/to_gcs.py took 0.219 seconds
[2024-06-29T00:03:06.288+0000] {processor.py:161} INFO - Started process (PID=531) to work on /opt/airflow/dags/to_gcs.py
[2024-06-29T00:03:06.291+0000] {processor.py:830} INFO - Processing file /opt/airflow/dags/to_gcs.py for tasks to queue
[2024-06-29T00:03:06.292+0000] {logging_mixin.py:188} INFO - [2024-06-29T00:03:06.291+0000] {dagbag.py:545} INFO - Filling up the DagBag from /opt/airflow/dags/to_gcs.py
[2024-06-29T00:03:06.471+0000] {processor.py:840} INFO - DAG(s) 'data_transfer_to_gcs' retrieved from /opt/airflow/dags/to_gcs.py
[2024-06-29T00:03:06.492+0000] {logging_mixin.py:188} INFO - [2024-06-29T00:03:06.492+0000] {dag.py:3096} INFO - Sync 1 DAGs
[2024-06-29T00:03:06.513+0000] {logging_mixin.py:188} INFO - [2024-06-29T00:03:06.512+0000] {dag.py:3954} INFO - Setting next_dagrun for data_transfer_to_gcs to None, run_after=None
[2024-06-29T00:03:06.527+0000] {processor.py:183} INFO - Processing /opt/airflow/dags/to_gcs.py took 0.248 seconds
[2024-06-29T00:03:36.761+0000] {processor.py:161} INFO - Started process (PID=543) to work on /opt/airflow/dags/to_gcs.py
[2024-06-29T00:03:36.763+0000] {processor.py:830} INFO - Processing file /opt/airflow/dags/to_gcs.py for tasks to queue
[2024-06-29T00:03:36.764+0000] {logging_mixin.py:188} INFO - [2024-06-29T00:03:36.764+0000] {dagbag.py:545} INFO - Filling up the DagBag from /opt/airflow/dags/to_gcs.py
[2024-06-29T00:03:36.930+0000] {processor.py:840} INFO - DAG(s) 'data_transfer_to_gcs' retrieved from /opt/airflow/dags/to_gcs.py
[2024-06-29T00:03:36.945+0000] {logging_mixin.py:188} INFO - [2024-06-29T00:03:36.944+0000] {dag.py:3096} INFO - Sync 1 DAGs
[2024-06-29T00:03:36.960+0000] {logging_mixin.py:188} INFO - [2024-06-29T00:03:36.959+0000] {dag.py:3954} INFO - Setting next_dagrun for data_transfer_to_gcs to None, run_after=None
[2024-06-29T00:03:36.973+0000] {processor.py:183} INFO - Processing /opt/airflow/dags/to_gcs.py took 0.218 seconds
[2024-06-29T00:04:07.229+0000] {processor.py:161} INFO - Started process (PID=555) to work on /opt/airflow/dags/to_gcs.py
[2024-06-29T00:04:07.232+0000] {processor.py:830} INFO - Processing file /opt/airflow/dags/to_gcs.py for tasks to queue
[2024-06-29T00:04:07.233+0000] {logging_mixin.py:188} INFO - [2024-06-29T00:04:07.232+0000] {dagbag.py:545} INFO - Filling up the DagBag from /opt/airflow/dags/to_gcs.py
[2024-06-29T00:04:07.410+0000] {processor.py:840} INFO - DAG(s) 'data_transfer_to_gcs' retrieved from /opt/airflow/dags/to_gcs.py
[2024-06-29T00:04:07.427+0000] {logging_mixin.py:188} INFO - [2024-06-29T00:04:07.427+0000] {dag.py:3096} INFO - Sync 1 DAGs
[2024-06-29T00:04:07.442+0000] {logging_mixin.py:188} INFO - [2024-06-29T00:04:07.441+0000] {dag.py:3954} INFO - Setting next_dagrun for data_transfer_to_gcs to None, run_after=None
[2024-06-29T00:04:07.455+0000] {processor.py:183} INFO - Processing /opt/airflow/dags/to_gcs.py took 0.231 seconds
[2024-06-29T00:04:37.711+0000] {processor.py:161} INFO - Started process (PID=567) to work on /opt/airflow/dags/to_gcs.py
[2024-06-29T00:04:37.713+0000] {processor.py:830} INFO - Processing file /opt/airflow/dags/to_gcs.py for tasks to queue
[2024-06-29T00:04:37.713+0000] {logging_mixin.py:188} INFO - [2024-06-29T00:04:37.713+0000] {dagbag.py:545} INFO - Filling up the DagBag from /opt/airflow/dags/to_gcs.py
[2024-06-29T00:04:37.889+0000] {processor.py:840} INFO - DAG(s) 'data_transfer_to_gcs' retrieved from /opt/airflow/dags/to_gcs.py
[2024-06-29T00:04:37.906+0000] {logging_mixin.py:188} INFO - [2024-06-29T00:04:37.906+0000] {dag.py:3096} INFO - Sync 1 DAGs
[2024-06-29T00:04:37.920+0000] {logging_mixin.py:188} INFO - [2024-06-29T00:04:37.920+0000] {dag.py:3954} INFO - Setting next_dagrun for data_transfer_to_gcs to None, run_after=None
[2024-06-29T00:04:37.934+0000] {processor.py:183} INFO - Processing /opt/airflow/dags/to_gcs.py took 0.226 seconds
[2024-06-29T00:05:08.224+0000] {processor.py:161} INFO - Started process (PID=579) to work on /opt/airflow/dags/to_gcs.py
[2024-06-29T00:05:08.226+0000] {processor.py:830} INFO - Processing file /opt/airflow/dags/to_gcs.py for tasks to queue
[2024-06-29T00:05:08.227+0000] {logging_mixin.py:188} INFO - [2024-06-29T00:05:08.227+0000] {dagbag.py:545} INFO - Filling up the DagBag from /opt/airflow/dags/to_gcs.py
[2024-06-29T00:05:08.393+0000] {processor.py:840} INFO - DAG(s) 'data_transfer_to_gcs' retrieved from /opt/airflow/dags/to_gcs.py
[2024-06-29T00:05:08.410+0000] {logging_mixin.py:188} INFO - [2024-06-29T00:05:08.409+0000] {dag.py:3096} INFO - Sync 1 DAGs
[2024-06-29T00:05:08.421+0000] {logging_mixin.py:188} INFO - [2024-06-29T00:05:08.421+0000] {dag.py:3954} INFO - Setting next_dagrun for data_transfer_to_gcs to None, run_after=None
[2024-06-29T00:05:08.431+0000] {processor.py:183} INFO - Processing /opt/airflow/dags/to_gcs.py took 0.213 seconds
[2024-06-29T00:05:38.713+0000] {processor.py:161} INFO - Started process (PID=591) to work on /opt/airflow/dags/to_gcs.py
[2024-06-29T00:05:38.716+0000] {processor.py:830} INFO - Processing file /opt/airflow/dags/to_gcs.py for tasks to queue
[2024-06-29T00:05:38.717+0000] {logging_mixin.py:188} INFO - [2024-06-29T00:05:38.717+0000] {dagbag.py:545} INFO - Filling up the DagBag from /opt/airflow/dags/to_gcs.py
[2024-06-29T00:05:38.899+0000] {processor.py:840} INFO - DAG(s) 'data_transfer_to_gcs' retrieved from /opt/airflow/dags/to_gcs.py
[2024-06-29T00:05:38.914+0000] {logging_mixin.py:188} INFO - [2024-06-29T00:05:38.913+0000] {dag.py:3096} INFO - Sync 1 DAGs
[2024-06-29T00:05:38.929+0000] {logging_mixin.py:188} INFO - [2024-06-29T00:05:38.929+0000] {dag.py:3954} INFO - Setting next_dagrun for data_transfer_to_gcs to None, run_after=None
[2024-06-29T00:05:38.942+0000] {processor.py:183} INFO - Processing /opt/airflow/dags/to_gcs.py took 0.235 seconds
[2024-06-29T00:06:09.224+0000] {processor.py:161} INFO - Started process (PID=603) to work on /opt/airflow/dags/to_gcs.py
[2024-06-29T00:06:09.226+0000] {processor.py:830} INFO - Processing file /opt/airflow/dags/to_gcs.py for tasks to queue
[2024-06-29T00:06:09.227+0000] {logging_mixin.py:188} INFO - [2024-06-29T00:06:09.227+0000] {dagbag.py:545} INFO - Filling up the DagBag from /opt/airflow/dags/to_gcs.py
[2024-06-29T00:06:09.411+0000] {processor.py:840} INFO - DAG(s) 'data_transfer_to_gcs' retrieved from /opt/airflow/dags/to_gcs.py
[2024-06-29T00:06:09.435+0000] {logging_mixin.py:188} INFO - [2024-06-29T00:06:09.434+0000] {dag.py:3096} INFO - Sync 1 DAGs
[2024-06-29T00:06:09.457+0000] {logging_mixin.py:188} INFO - [2024-06-29T00:06:09.457+0000] {dag.py:3954} INFO - Setting next_dagrun for data_transfer_to_gcs to None, run_after=None
[2024-06-29T00:06:09.478+0000] {processor.py:183} INFO - Processing /opt/airflow/dags/to_gcs.py took 0.260 seconds
[2024-06-29T00:06:39.700+0000] {processor.py:161} INFO - Started process (PID=615) to work on /opt/airflow/dags/to_gcs.py
[2024-06-29T00:06:39.702+0000] {processor.py:830} INFO - Processing file /opt/airflow/dags/to_gcs.py for tasks to queue
[2024-06-29T00:06:39.703+0000] {logging_mixin.py:188} INFO - [2024-06-29T00:06:39.703+0000] {dagbag.py:545} INFO - Filling up the DagBag from /opt/airflow/dags/to_gcs.py
[2024-06-29T00:06:39.881+0000] {processor.py:840} INFO - DAG(s) 'data_transfer_to_gcs' retrieved from /opt/airflow/dags/to_gcs.py
[2024-06-29T00:06:39.897+0000] {logging_mixin.py:188} INFO - [2024-06-29T00:06:39.897+0000] {dag.py:3096} INFO - Sync 1 DAGs
[2024-06-29T00:06:39.910+0000] {logging_mixin.py:188} INFO - [2024-06-29T00:06:39.910+0000] {dag.py:3954} INFO - Setting next_dagrun for data_transfer_to_gcs to None, run_after=None
[2024-06-29T00:06:39.919+0000] {processor.py:183} INFO - Processing /opt/airflow/dags/to_gcs.py took 0.223 seconds
[2024-06-29T00:07:10.139+0000] {processor.py:161} INFO - Started process (PID=627) to work on /opt/airflow/dags/to_gcs.py
[2024-06-29T00:07:10.141+0000] {processor.py:830} INFO - Processing file /opt/airflow/dags/to_gcs.py for tasks to queue
[2024-06-29T00:07:10.142+0000] {logging_mixin.py:188} INFO - [2024-06-29T00:07:10.142+0000] {dagbag.py:545} INFO - Filling up the DagBag from /opt/airflow/dags/to_gcs.py
[2024-06-29T00:07:10.321+0000] {processor.py:840} INFO - DAG(s) 'data_transfer_to_gcs' retrieved from /opt/airflow/dags/to_gcs.py
[2024-06-29T00:07:10.336+0000] {logging_mixin.py:188} INFO - [2024-06-29T00:07:10.336+0000] {dag.py:3096} INFO - Sync 1 DAGs
[2024-06-29T00:07:10.349+0000] {logging_mixin.py:188} INFO - [2024-06-29T00:07:10.348+0000] {dag.py:3954} INFO - Setting next_dagrun for data_transfer_to_gcs to None, run_after=None
[2024-06-29T00:07:10.360+0000] {processor.py:183} INFO - Processing /opt/airflow/dags/to_gcs.py took 0.228 seconds
[2024-06-29T00:07:40.616+0000] {processor.py:161} INFO - Started process (PID=645) to work on /opt/airflow/dags/to_gcs.py
[2024-06-29T00:07:40.618+0000] {processor.py:830} INFO - Processing file /opt/airflow/dags/to_gcs.py for tasks to queue
[2024-06-29T00:07:40.618+0000] {logging_mixin.py:188} INFO - [2024-06-29T00:07:40.618+0000] {dagbag.py:545} INFO - Filling up the DagBag from /opt/airflow/dags/to_gcs.py
[2024-06-29T00:07:40.783+0000] {processor.py:840} INFO - DAG(s) 'data_transfer_to_gcs' retrieved from /opt/airflow/dags/to_gcs.py
[2024-06-29T00:07:40.799+0000] {logging_mixin.py:188} INFO - [2024-06-29T00:07:40.798+0000] {dag.py:3096} INFO - Sync 1 DAGs
[2024-06-29T00:07:40.812+0000] {logging_mixin.py:188} INFO - [2024-06-29T00:07:40.812+0000] {dag.py:3954} INFO - Setting next_dagrun for data_transfer_to_gcs to None, run_after=None
[2024-06-29T00:07:40.824+0000] {processor.py:183} INFO - Processing /opt/airflow/dags/to_gcs.py took 0.215 seconds
[2024-06-29T00:08:11.081+0000] {processor.py:161} INFO - Started process (PID=657) to work on /opt/airflow/dags/to_gcs.py
[2024-06-29T00:08:11.083+0000] {processor.py:830} INFO - Processing file /opt/airflow/dags/to_gcs.py for tasks to queue
[2024-06-29T00:08:11.084+0000] {logging_mixin.py:188} INFO - [2024-06-29T00:08:11.084+0000] {dagbag.py:545} INFO - Filling up the DagBag from /opt/airflow/dags/to_gcs.py
[2024-06-29T00:08:11.267+0000] {processor.py:840} INFO - DAG(s) 'data_transfer_to_gcs' retrieved from /opt/airflow/dags/to_gcs.py
[2024-06-29T00:08:11.283+0000] {logging_mixin.py:188} INFO - [2024-06-29T00:08:11.283+0000] {dag.py:3096} INFO - Sync 1 DAGs
[2024-06-29T00:08:11.297+0000] {logging_mixin.py:188} INFO - [2024-06-29T00:08:11.296+0000] {dag.py:3954} INFO - Setting next_dagrun for data_transfer_to_gcs to None, run_after=None
[2024-06-29T00:08:11.311+0000] {processor.py:183} INFO - Processing /opt/airflow/dags/to_gcs.py took 0.237 seconds
[2024-06-29T00:08:41.545+0000] {processor.py:161} INFO - Started process (PID=669) to work on /opt/airflow/dags/to_gcs.py
[2024-06-29T00:08:41.548+0000] {processor.py:830} INFO - Processing file /opt/airflow/dags/to_gcs.py for tasks to queue
[2024-06-29T00:08:41.548+0000] {logging_mixin.py:188} INFO - [2024-06-29T00:08:41.548+0000] {dagbag.py:545} INFO - Filling up the DagBag from /opt/airflow/dags/to_gcs.py
[2024-06-29T00:08:41.726+0000] {processor.py:840} INFO - DAG(s) 'data_transfer_to_gcs' retrieved from /opt/airflow/dags/to_gcs.py
[2024-06-29T00:08:41.744+0000] {logging_mixin.py:188} INFO - [2024-06-29T00:08:41.744+0000] {dag.py:3096} INFO - Sync 1 DAGs
[2024-06-29T00:08:41.757+0000] {logging_mixin.py:188} INFO - [2024-06-29T00:08:41.757+0000] {dag.py:3954} INFO - Setting next_dagrun for data_transfer_to_gcs to None, run_after=None
[2024-06-29T00:08:41.770+0000] {processor.py:183} INFO - Processing /opt/airflow/dags/to_gcs.py took 0.232 seconds
[2024-06-29T00:09:12.054+0000] {processor.py:161} INFO - Started process (PID=681) to work on /opt/airflow/dags/to_gcs.py
[2024-06-29T00:09:12.056+0000] {processor.py:830} INFO - Processing file /opt/airflow/dags/to_gcs.py for tasks to queue
[2024-06-29T00:09:12.057+0000] {logging_mixin.py:188} INFO - [2024-06-29T00:09:12.057+0000] {dagbag.py:545} INFO - Filling up the DagBag from /opt/airflow/dags/to_gcs.py
[2024-06-29T00:09:12.234+0000] {processor.py:840} INFO - DAG(s) 'data_transfer_to_gcs' retrieved from /opt/airflow/dags/to_gcs.py
[2024-06-29T00:09:12.250+0000] {logging_mixin.py:188} INFO - [2024-06-29T00:09:12.250+0000] {dag.py:3096} INFO - Sync 1 DAGs
[2024-06-29T00:09:12.263+0000] {logging_mixin.py:188} INFO - [2024-06-29T00:09:12.262+0000] {dag.py:3954} INFO - Setting next_dagrun for data_transfer_to_gcs to None, run_after=None
[2024-06-29T00:09:12.278+0000] {processor.py:183} INFO - Processing /opt/airflow/dags/to_gcs.py took 0.231 seconds
[2024-06-29T00:09:42.533+0000] {processor.py:161} INFO - Started process (PID=693) to work on /opt/airflow/dags/to_gcs.py
[2024-06-29T00:09:42.536+0000] {processor.py:830} INFO - Processing file /opt/airflow/dags/to_gcs.py for tasks to queue
[2024-06-29T00:09:42.537+0000] {logging_mixin.py:188} INFO - [2024-06-29T00:09:42.536+0000] {dagbag.py:545} INFO - Filling up the DagBag from /opt/airflow/dags/to_gcs.py
[2024-06-29T00:09:42.717+0000] {processor.py:840} INFO - DAG(s) 'data_transfer_to_gcs' retrieved from /opt/airflow/dags/to_gcs.py
[2024-06-29T00:09:42.736+0000] {logging_mixin.py:188} INFO - [2024-06-29T00:09:42.736+0000] {dag.py:3096} INFO - Sync 1 DAGs
[2024-06-29T00:09:42.759+0000] {logging_mixin.py:188} INFO - [2024-06-29T00:09:42.759+0000] {dag.py:3954} INFO - Setting next_dagrun for data_transfer_to_gcs to None, run_after=None
[2024-06-29T00:09:42.776+0000] {processor.py:183} INFO - Processing /opt/airflow/dags/to_gcs.py took 0.249 seconds
[2024-06-29T00:10:13.049+0000] {processor.py:161} INFO - Started process (PID=705) to work on /opt/airflow/dags/to_gcs.py
[2024-06-29T00:10:13.051+0000] {processor.py:830} INFO - Processing file /opt/airflow/dags/to_gcs.py for tasks to queue
[2024-06-29T00:10:13.052+0000] {logging_mixin.py:188} INFO - [2024-06-29T00:10:13.052+0000] {dagbag.py:545} INFO - Filling up the DagBag from /opt/airflow/dags/to_gcs.py
[2024-06-29T00:10:13.221+0000] {processor.py:840} INFO - DAG(s) 'data_transfer_to_gcs' retrieved from /opt/airflow/dags/to_gcs.py
[2024-06-29T00:10:13.239+0000] {logging_mixin.py:188} INFO - [2024-06-29T00:10:13.239+0000] {dag.py:3096} INFO - Sync 1 DAGs
[2024-06-29T00:10:13.253+0000] {logging_mixin.py:188} INFO - [2024-06-29T00:10:13.252+0000] {dag.py:3954} INFO - Setting next_dagrun for data_transfer_to_gcs to None, run_after=None
[2024-06-29T00:10:13.266+0000] {processor.py:183} INFO - Processing /opt/airflow/dags/to_gcs.py took 0.223 seconds
[2024-06-29T00:10:43.538+0000] {processor.py:161} INFO - Started process (PID=717) to work on /opt/airflow/dags/to_gcs.py
[2024-06-29T00:10:43.540+0000] {processor.py:830} INFO - Processing file /opt/airflow/dags/to_gcs.py for tasks to queue
[2024-06-29T00:10:43.542+0000] {logging_mixin.py:188} INFO - [2024-06-29T00:10:43.541+0000] {dagbag.py:545} INFO - Filling up the DagBag from /opt/airflow/dags/to_gcs.py
[2024-06-29T00:10:43.725+0000] {processor.py:840} INFO - DAG(s) 'data_transfer_to_gcs' retrieved from /opt/airflow/dags/to_gcs.py
[2024-06-29T00:10:43.740+0000] {logging_mixin.py:188} INFO - [2024-06-29T00:10:43.740+0000] {dag.py:3096} INFO - Sync 1 DAGs
[2024-06-29T00:10:43.751+0000] {logging_mixin.py:188} INFO - [2024-06-29T00:10:43.751+0000] {dag.py:3954} INFO - Setting next_dagrun for data_transfer_to_gcs to None, run_after=None
[2024-06-29T00:10:43.763+0000] {processor.py:183} INFO - Processing /opt/airflow/dags/to_gcs.py took 0.232 seconds
[2024-06-29T00:11:14.035+0000] {processor.py:161} INFO - Started process (PID=729) to work on /opt/airflow/dags/to_gcs.py
[2024-06-29T00:11:14.038+0000] {processor.py:830} INFO - Processing file /opt/airflow/dags/to_gcs.py for tasks to queue
[2024-06-29T00:11:14.040+0000] {logging_mixin.py:188} INFO - [2024-06-29T00:11:14.039+0000] {dagbag.py:545} INFO - Filling up the DagBag from /opt/airflow/dags/to_gcs.py
[2024-06-29T00:11:14.233+0000] {processor.py:840} INFO - DAG(s) 'data_transfer_to_gcs' retrieved from /opt/airflow/dags/to_gcs.py
[2024-06-29T00:11:14.250+0000] {logging_mixin.py:188} INFO - [2024-06-29T00:11:14.249+0000] {dag.py:3096} INFO - Sync 1 DAGs
[2024-06-29T00:11:14.268+0000] {logging_mixin.py:188} INFO - [2024-06-29T00:11:14.268+0000] {dag.py:3954} INFO - Setting next_dagrun for data_transfer_to_gcs to None, run_after=None
[2024-06-29T00:11:14.291+0000] {processor.py:183} INFO - Processing /opt/airflow/dags/to_gcs.py took 0.266 seconds
[2024-06-29T00:11:44.556+0000] {processor.py:161} INFO - Started process (PID=741) to work on /opt/airflow/dags/to_gcs.py
[2024-06-29T00:11:44.558+0000] {processor.py:830} INFO - Processing file /opt/airflow/dags/to_gcs.py for tasks to queue
[2024-06-29T00:11:44.559+0000] {logging_mixin.py:188} INFO - [2024-06-29T00:11:44.559+0000] {dagbag.py:545} INFO - Filling up the DagBag from /opt/airflow/dags/to_gcs.py
[2024-06-29T00:11:44.727+0000] {processor.py:840} INFO - DAG(s) 'data_transfer_to_gcs' retrieved from /opt/airflow/dags/to_gcs.py
[2024-06-29T00:11:44.743+0000] {logging_mixin.py:188} INFO - [2024-06-29T00:11:44.743+0000] {dag.py:3096} INFO - Sync 1 DAGs
[2024-06-29T00:11:44.755+0000] {logging_mixin.py:188} INFO - [2024-06-29T00:11:44.755+0000] {dag.py:3954} INFO - Setting next_dagrun for data_transfer_to_gcs to None, run_after=None
[2024-06-29T00:11:44.765+0000] {processor.py:183} INFO - Processing /opt/airflow/dags/to_gcs.py took 0.215 seconds
[2024-06-29T00:11:49.598+0000] {processor.py:161} INFO - Started process (PID=747) to work on /opt/airflow/dags/to_gcs.py
[2024-06-29T00:11:49.599+0000] {processor.py:830} INFO - Processing file /opt/airflow/dags/to_gcs.py for tasks to queue
[2024-06-29T00:11:49.599+0000] {logging_mixin.py:188} INFO - [2024-06-29T00:11:49.599+0000] {dagbag.py:545} INFO - Filling up the DagBag from /opt/airflow/dags/to_gcs.py
[2024-06-29T00:11:49.801+0000] {logging_mixin.py:188} INFO - [2024-06-29T00:11:49.799+0000] {dagbag.py:452} ERROR - Failed to bag_dag: /opt/airflow/dags/to_gcs.py
Traceback (most recent call last):
  File "/home/airflow/.local/lib/python3.12/site-packages/airflow/timetables/_cron.py", line 100, in validate
    croniter(self._expression)
  File "/home/airflow/.local/lib/python3.12/site-packages/croniter/croniter.py", line 187, in __init__
    self.expanded, self.nth_weekday_of_month = self.expand(expr_format, hash_id=hash_id)
                                               ^^^^^^^^^^^^^^^^^^^^^^^^^^^^^^^^^^^^^^^^^
  File "/home/airflow/.local/lib/python3.12/site-packages/croniter/croniter.py", line 821, in expand
    return cls._expand(expr_format, hash_id=hash_id)
           ^^^^^^^^^^^^^^^^^^^^^^^^^^^^^^^^^^^^^^^^^
  File "/home/airflow/.local/lib/python3.12/site-packages/croniter/croniter.py", line 659, in _expand
    raise CroniterBadCronError(cls.bad_length)
croniter.croniter.CroniterBadCronError: Exactly 5 or 6 columns has to be specified for iterator expression.

During handling of the above exception, another exception occurred:

Traceback (most recent call last):
  File "/home/airflow/.local/lib/python3.12/site-packages/airflow/models/dagbag.py", line 447, in _process_modules
    dag.validate()
  File "/home/airflow/.local/lib/python3.12/site-packages/airflow/models/dag.py", line 775, in validate
    self.timetable.validate()
  File "/home/airflow/.local/lib/python3.12/site-packages/airflow/timetables/_cron.py", line 102, in validate
    raise AirflowTimetableInvalid(str(e))
airflow.exceptions.AirflowTimetableInvalid: Exactly 5 or 6 columns has to be specified for iterator expression.
[2024-06-29T00:11:49.801+0000] {processor.py:842} WARNING - No viable dags retrieved from /opt/airflow/dags/to_gcs.py
[2024-06-29T00:11:49.819+0000] {processor.py:183} INFO - Processing /opt/airflow/dags/to_gcs.py took 0.225 seconds
