[2024-06-28T14:33:25.242+0000] {local_task_job_runner.py:120} INFO - ::group::Pre task execution logs
[2024-06-28T14:33:25.252+0000] {taskinstance.py:2076} INFO - Dependencies all met for dep_context=non-requeueable deps ti=<TaskInstance: data_transfer_to_gcs.export_data_from_mysql manual__2024-06-28T14:33:23.827899+00:00 [queued]>
[2024-06-28T14:33:25.256+0000] {taskinstance.py:2076} INFO - Dependencies all met for dep_context=requeueable deps ti=<TaskInstance: data_transfer_to_gcs.export_data_from_mysql manual__2024-06-28T14:33:23.827899+00:00 [queued]>
[2024-06-28T14:33:25.257+0000] {taskinstance.py:2306} INFO - Starting attempt 1 of 2
[2024-06-28T14:33:25.268+0000] {taskinstance.py:2330} INFO - Executing <Task(PythonOperator): export_data_from_mysql> on 2024-06-28 14:33:23.827899+00:00
[2024-06-28T14:33:25.280+0000] {standard_task_runner.py:90} INFO - Running: ['***', 'tasks', 'run', 'data_transfer_to_gcs', 'export_data_from_mysql', 'manual__2024-06-28T14:33:23.827899+00:00', '--job-id', '139', '--raw', '--subdir', 'DAGS_FOLDER/to_gcs.py', '--cfg-path', '/tmp/tmpix2wjyf2']
[2024-06-28T14:33:25.283+0000] {standard_task_runner.py:91} INFO - Job 139: Subtask export_data_from_mysql
[2024-06-28T14:33:25.285+0000] {logging_mixin.py:188} WARNING - /home/***/.local/lib/python3.12/site-packages/***/task/task_runner/standard_task_runner.py:61 DeprecationWarning: This process (pid=402) is multi-threaded, use of fork() may lead to deadlocks in the child.
[2024-06-28T14:33:25.286+0000] {standard_task_runner.py:63} INFO - Started process 404 to run task
[2024-06-28T14:33:25.337+0000] {task_command.py:426} INFO - Running <TaskInstance: data_transfer_to_gcs.export_data_from_mysql manual__2024-06-28T14:33:23.827899+00:00 [running]> on host 25c2a2aa63fd
[2024-06-28T14:33:25.448+0000] {taskinstance.py:2648} INFO - Exporting env vars: AIRFLOW_CTX_DAG_OWNER='***' AIRFLOW_CTX_DAG_ID='data_transfer_to_gcs' AIRFLOW_CTX_TASK_ID='export_data_from_mysql' AIRFLOW_CTX_EXECUTION_DATE='2024-06-28T14:33:23.827899+00:00' AIRFLOW_CTX_TRY_NUMBER='1' AIRFLOW_CTX_DAG_RUN_ID='manual__2024-06-28T14:33:23.827899+00:00'
[2024-06-28T14:33:25.450+0000] {taskinstance.py:430} INFO - ::endgroup::
[2024-06-28T14:33:25.490+0000] {base.py:84} INFO - Using connection ID 'mysql_conn' for task execution.
[2024-06-28T14:33:25.509+0000] {taskinstance.py:441} INFO - ::group::Post task execution logs
[2024-06-28T14:33:25.509+0000] {taskinstance.py:2905} ERROR - Task failed with exception
Traceback (most recent call last):
  File "/home/airflow/.local/lib/python3.12/site-packages/sqlalchemy/engine/base.py", line 1910, in _execute_context
    self.dialect.do_execute(
  File "/home/airflow/.local/lib/python3.12/site-packages/sqlalchemy/engine/default.py", line 736, in do_execute
    cursor.execute(statement, parameters)
  File "/home/airflow/.local/lib/python3.12/site-packages/MySQLdb/cursors.py", line 179, in execute
    res = self._query(mogrified_query)
          ^^^^^^^^^^^^^^^^^^^^^^^^^^^^
  File "/home/airflow/.local/lib/python3.12/site-packages/MySQLdb/cursors.py", line 330, in _query
    db.query(q)
  File "/home/airflow/.local/lib/python3.12/site-packages/MySQLdb/connections.py", line 261, in query
    _mysql.connection.query(self, query)
MySQLdb.ProgrammingError: (1146, "Table 'dataset_db.cek' doesn't exist")

The above exception was the direct cause of the following exception:

Traceback (most recent call last):
  File "/home/airflow/.local/lib/python3.12/site-packages/airflow/models/taskinstance.py", line 465, in _execute_task
    result = _execute_callable(context=context, **execute_callable_kwargs)
             ^^^^^^^^^^^^^^^^^^^^^^^^^^^^^^^^^^^^^^^^^^^^^^^^^^^^^^^^^^^^^
  File "/home/airflow/.local/lib/python3.12/site-packages/airflow/models/taskinstance.py", line 432, in _execute_callable
    return execute_callable(context=context, **execute_callable_kwargs)
           ^^^^^^^^^^^^^^^^^^^^^^^^^^^^^^^^^^^^^^^^^^^^^^^^^^^^^^^^^^^^
  File "/home/airflow/.local/lib/python3.12/site-packages/airflow/models/baseoperator.py", line 401, in wrapper
    return func(self, *args, **kwargs)
           ^^^^^^^^^^^^^^^^^^^^^^^^^^^
  File "/home/airflow/.local/lib/python3.12/site-packages/airflow/operators/python.py", line 235, in execute
    return_value = self.execute_callable()
                   ^^^^^^^^^^^^^^^^^^^^^^^
  File "/home/airflow/.local/lib/python3.12/site-packages/airflow/operators/python.py", line 252, in execute_callable
    return self.python_callable(*self.op_args, **self.op_kwargs)
           ^^^^^^^^^^^^^^^^^^^^^^^^^^^^^^^^^^^^^^^^^^^^^^^^^^^^^
  File "/opt/airflow/dags/to_gcs.py", line 12, in export_data_from_mysql
    df = pd.read_sql('SELECT * FROM cek', con=engine)
         ^^^^^^^^^^^^^^^^^^^^^^^^^^^^^^^^^^^^^^^^^^^^
  File "/home/airflow/.local/lib/python3.12/site-packages/pandas/io/sql.py", line 682, in read_sql
    return pandas_sql.read_query(
           ^^^^^^^^^^^^^^^^^^^^^^
  File "/home/airflow/.local/lib/python3.12/site-packages/pandas/io/sql.py", line 1776, in read_query
    result = self.execute(sql, params)
             ^^^^^^^^^^^^^^^^^^^^^^^^^
  File "/home/airflow/.local/lib/python3.12/site-packages/pandas/io/sql.py", line 1599, in execute
    return self.con.exec_driver_sql(sql, *args)
           ^^^^^^^^^^^^^^^^^^^^^^^^^^^^^^^^^^^^
  File "/home/airflow/.local/lib/python3.12/site-packages/sqlalchemy/engine/base.py", line 1770, in exec_driver_sql
    return self._exec_driver_sql(
           ^^^^^^^^^^^^^^^^^^^^^^
  File "/home/airflow/.local/lib/python3.12/site-packages/sqlalchemy/engine/base.py", line 1674, in _exec_driver_sql
    ret = self._execute_context(
          ^^^^^^^^^^^^^^^^^^^^^^
  File "/home/airflow/.local/lib/python3.12/site-packages/sqlalchemy/engine/base.py", line 1953, in _execute_context
    self._handle_dbapi_exception(
  File "/home/airflow/.local/lib/python3.12/site-packages/sqlalchemy/engine/base.py", line 2134, in _handle_dbapi_exception
    util.raise_(
  File "/home/airflow/.local/lib/python3.12/site-packages/sqlalchemy/util/compat.py", line 211, in raise_
    raise exception
  File "/home/airflow/.local/lib/python3.12/site-packages/sqlalchemy/engine/base.py", line 1910, in _execute_context
    self.dialect.do_execute(
  File "/home/airflow/.local/lib/python3.12/site-packages/sqlalchemy/engine/default.py", line 736, in do_execute
    cursor.execute(statement, parameters)
  File "/home/airflow/.local/lib/python3.12/site-packages/MySQLdb/cursors.py", line 179, in execute
    res = self._query(mogrified_query)
          ^^^^^^^^^^^^^^^^^^^^^^^^^^^^
  File "/home/airflow/.local/lib/python3.12/site-packages/MySQLdb/cursors.py", line 330, in _query
    db.query(q)
  File "/home/airflow/.local/lib/python3.12/site-packages/MySQLdb/connections.py", line 261, in query
    _mysql.connection.query(self, query)
sqlalchemy.exc.ProgrammingError: (MySQLdb.ProgrammingError) (1146, "Table 'dataset_db.cek' doesn't exist")
[SQL: SELECT * FROM cek]
(Background on this error at: https://sqlalche.me/e/14/f405)
[2024-06-28T14:33:25.521+0000] {taskinstance.py:1206} INFO - Marking task as UP_FOR_RETRY. dag_id=data_transfer_to_gcs, task_id=export_data_from_mysql, run_id=manual__2024-06-28T14:33:23.827899+00:00, execution_date=20240628T143323, start_date=20240628T143325, end_date=20240628T143325
[2024-06-28T14:33:25.534+0000] {standard_task_runner.py:110} ERROR - Failed to execute job 139 for task export_data_from_mysql ((MySQLdb.ProgrammingError) (1146, "Table 'dataset_db.cek' doesn't exist")
[SQL: SELECT * FROM cek]
(Background on this error at: https://sqlalche.me/e/14/f405); 404)
[2024-06-28T14:33:25.581+0000] {local_task_job_runner.py:240} INFO - Task exited with return code 1
[2024-06-28T14:33:25.612+0000] {taskinstance.py:3503} INFO - 0 downstream tasks scheduled from follow-on schedule check
[2024-06-28T14:33:25.614+0000] {local_task_job_runner.py:222} INFO - ::endgroup::
